Removed Pin From Net: NetName=BAT_IN_POS Pin=J4-1
Removed Pin From Net: NetName=BAT_IN_NEG Pin=J4-2
Removed Pin From Net: NetName=NetC2_1 Pin=X1-1
Removed Pin From Net: NetName=GND Pin=X1-2
Removed Pin From Net: NetName=MCU_OSC_IN Pin=X1-3
Removed Pin From Net: NetName=GND Pin=X1-4
Removed Member From Class: ClassName=Battery_Management Member=J4
Added Component: Designator=P3(JST-S2B-PH-K-S_V)
Add component (AddParameter): Name = "Capacitance"; Value = "10 uF"; VariantName = "[No Variations]"
Add component (AddParameter): Name = "Case\Package"; Value = "Radial"; VariantName = "[No Variations]"
Add component (AddParameter): Name = "ComponentLink1Description"; Value = "Datasheet"; VariantName = "[No Variations]"
Add component (AddParameter): Name = "ComponentLink1URL"; Value = "http://www.jst-mfg.com/product/pdf/eng/ePH.pdf"; VariantName = "[No Variations]"
Add component (AddParameter): Name = "DatasheetVersion"; Value = "Dec-12"; VariantName = "[No Variations]"
Add component (AddParameter): Name = "Diameter"; Value = "5 mm"; VariantName = "[No Variations]"
Add component (AddParameter): Name = "Height"; Value = "11 mm"; VariantName = "[No Variations]"
Add component (AddParameter): Name = "Lead Pitch"; Value = "2 mm"; VariantName = "[No Variations]"
Add component (AddParameter): Name = "Length"; Value = "11 mm"; VariantName = "[No Variations]"
Add component (AddParameter): Name = "Max Operating Temperature"; Value = "85 degC"; VariantName = "[No Variations]"
Add component (AddParameter): Name = "Min Operating Temperature"; Value = "-40 degC"; VariantName = "[No Variations]"
Add component (AddParameter): Name = "Mount"; Value = "Through Hole"; VariantName = "[No Variations]"
Add component (AddParameter): Name = "Package Quantity"; Value = "200"; VariantName = "[No Variations]"
Add component (AddParameter): Name = "PackageDescription"; Value = "Male Header, Pitch 2 mm, 1 x 2 Position, Height 4.8 mm, Tail Length 3.4 mm"; VariantName = "[No Variations]"
Add component (AddParameter): Name = "PackageReference"; Value = "S2B-PH-K-S"; VariantName = "[No Variations]"
Add component (AddParameter): Name = "Packaging"; Value = "Bulk"; VariantName = "[No Variations]"
Add component (AddParameter): Name = "Pins"; Value = "2"; VariantName = "[No Variations]"
Add component (AddParameter): Name = "Radiation Hardening"; Value = "No"; VariantName = "[No Variations]"
Add component (AddParameter): Name = "REACH SVHC"; Value = "No SVHC"; VariantName = "[No Variations]"
Add component (AddParameter): Name = "RoHSCompliant"; Value = "true"; VariantName = "[No Variations]"
Add component (AddParameter): Name = "Tolerance"; Value = "20%"; VariantName = "[No Variations]"
Add component (AddParameter): Name = "Voltage Rating"; Value = "50 V"; VariantName = "[No Variations]"
Add component (AddParameter): Name = "Voltage Rating (DC)"; Value = "50 V"; VariantName = "[No Variations]"
Added Component: Designator=X1(XTAL_2520)
Add component (AddParameter): Name = "Distributor Link"; Value = ""; VariantName = "[No Variations]"
Add component (AddParameter): Name = "Manufacturer"; Value = ""; VariantName = "[No Variations]"
Add component (AddParameter): Name = "Manufacturer Part Number"; Value = "HY12MSMD2520FA1R30"; VariantName = "[No Variations]"
Added Pin To Net: NetName=BAT_IN_POS Pin=P3-1
Added Pin To Net: NetName=BAT_IN_NEG Pin=P3-2
Added Pin To Net: NetName=NetC2_1 Pin=X1-1
Added Pin To Net: NetName=GND Pin=X1-2
Added Pin To Net: NetName=MCU_OSC_IN Pin=X1-3
Added Pin To Net: NetName=GND Pin=X1-4
Added Member To Class: ClassName=Battery_Management Member=Component D5 BLUE
Added Member To Class: ClassName=Battery_Management Member=Component P3 S2B-PH-K-S(LF)(SN)
